[0;34m[2025-10-06 04:31:24] === COMPREHENSIVE SYSTEM DISCOVERY SCANNER ===[0m
[2025-10-06 04:31:24] Output: /Users/icmini/dev/02luka-repo/run/system_discovery_20251006_043124.json
[2025-10-06 04:31:24] Log: /Users/icmini/dev/02luka-repo/run/system_discovery_20251006_043124.log
[0;34m[2025-10-06 04:31:24] Step 1: Discovering LaunchAgents...[0m
[2025-10-06 04:31:24] Scanning all LaunchAgent services...
[2025-10-06 04:31:25] Found 16 LaunchAgents
[0;34m[2025-10-06 04:31:25] Step 2: Discovering Docker containers...[0m
[2025-10-06 04:31:25] Found 19 Docker containers
[0;34m[2025-10-06 04:31:25] Step 3: Discovering network services...[0m
[2025-10-06 04:31:39] Found 16 network services
[0;34m[2025-10-06 04:31:39] Step 4: Discovering 02luka file services...[0m
[2025-10-06 04:31:39] Found 23 file services
[0;34m[2025-10-06 04:31:39] Step 5: Generating summary...[0m
[0;32m[2025-10-06 04:31:40] === DISCOVERY COMPLETE ===[0m
[0;32m[2025-10-06 04:31:40] Total discovered services: 74[0m
[0;32m[2025-10-06 04:31:40]   LaunchAgents: 16 (active: 4)[0m
[0;32m[2025-10-06 04:31:40]   Docker containers: 19 (running: 0)[0m
[0;32m[2025-10-06 04:31:40]   Network services: 16[0m
[0;32m[2025-10-06 04:31:40]   File services: 23[0m
[0;34m[2025-10-06 04:31:40] Output saved to: /Users/icmini/dev/02luka-repo/run/system_discovery_20251006_043124.json[0m
[0;34m[2025-10-06 04:31:40] Log saved to: /Users/icmini/dev/02luka-repo/run/system_discovery_20251006_043124.log[0m
[1;33m[2025-10-06 04:31:40] Next steps:[0m
[2025-10-06 04:31:40] 1. Review discovery results: jq '.' /Users/icmini/dev/02luka-repo/run/system_discovery_20251006_043124.json
[2025-10-06 04:31:40] 2. Use data to rebuild comprehensive system map
[2025-10-06 04:31:40] 3. Categorize services by function and create topology
